Date: 10/4/2016 9:56:56 PM
From: <>catch-all@utechusa.us
To: <>xin.guan@utechusa.us
Subject: test new email
Body: this email is new

Date: 10/4/2016 9:57:25 PM
From: <>catch-all@utechusa.us
To: <>xin.guan@utechusa.us
Subject: test new email
Body: this email is new

Date: 10/4/2016 9:57:45 PM
From: <>catch-all@utechusa.us
To: <>xin.guan@utechusa.us
Subject: test new email
Body: this email is new

Date: 10/4/2016 9:58:15 PM
From: <>catch-all@utechusa.us
To: <>xin.guan@utechusa.us
Subject: test new email
Body: this email is new

Date: 10/4/2016 9:58:43 PM
From: <>catch-all@utechusa.us
To: <>xin.guan@utechusa.us
Subject: test new email
Body: this email is new

Date: 10/4/2016 9:59:15 PM
From: <>catch-all@utechusa.us
To: <>xin.guan@utechusa.us
Subject: test new email
Body: this email is new

Date: 10/4/2016 10:00:39 PM
From: <>catch-all@utechusa.us
To: <>xin.guan@utechusa.us
Subject: test new email
Body: this email is new

Date: 10/4/2016 10:00:52 PM
From: <>catch-all@utechusa.us
To: <>xin.guan@utechusa.us
Subject: test new email
Body: this email is new

Date: 10/4/2016 10:01:39 PM
From: <>catch-all@utechusa.us
To: <>xin.guan@utechusa.us
Subject: test new email
Body: this email is new

Date: 10/4/2016 10:01:41 PM
From: <>catch-all@utechusa.us
To: <>xin.guan@utechusa.us
Subject: test new email
Body: this email is new

Date: 10/4/2016 10:05:35 PM
From: <>catch-all@utechusa.us
To: <>xin.guan@utechusa.us
Subject: test new email
Body: this email is new

Date: 10/4/2016 10:06:10 PM
From: <>catch-all@utechusa.us
To: <>xin.guan@utechusa.us
Subject: test new email
Body: this email is new

Date: 10/4/2016 10:08:12 PM
From: <>catch-all@utechusa.us
To: <>xin.guan@utechusa.us
Subject: test 20
Body: email to xin guan

Date: 10/4/2016 10:08:14 PM
From: <>catch-all@utechusa.us
To: <>weijian.wang@utechusa.us
Subject: test 19
Body: email to weijian

Date: 10/4/2016 10:08:43 PM
From: <>catch-all@utechusa.us
To: <>weijian.wang@utechusa.us
Subject: test 19
Body: email to weijian

Date: 10/4/2016 10:09:24 PM
From: <>catch-all@utechusa.us
To: <>weijian.wang@utechusa.us
Subject: test 19
Body: email to weijian

Date: 10/4/2016 10:09:43 PM
From: <>catch-all@utechusa.us
To: <>weijian.wang@utechusa.us
Subject: test 19
Body: email to weijian

Date: 10/4/2016 10:12:12 PM
From: <>catch-all@utechusa.us
To: <>weijian.wang@utechusa.us
Subject: test 19
Body: email to weijian

Date: 10/4/2016 10:12:28 PM
From: <>catch-all@utechusa.us
To: <>weijian.wang@utechusa.us
Subject: test 19
Body: email to weijian

Date: 10/9/2016 9:13:52 AM
From: <>catch-all@utechusa.us
To: <>weijian.wang@utechusa.us
Subject: test 19
Body: email to weijian

Date: 10/9/2016 9:14:17 AM
From: <>catch-all@utechusa.us
To: <>weijian.wang@utechusa.us
Subject: test 19
Body: email to weijian

Date: 10/9/2016 9:14:47 AM
From: <>catch-all@utechusa.us
To: <>weijian.wang@utechusa.us
Subject: test 19
Body: email to weijian

Date: 10/9/2016 9:15:17 AM
From: <>catch-all@utechusa.us
To: <>weijian.wang@utechusa.us
Subject: test 19
Body: email to weijian

Date: 10/9/2016 9:15:47 AM
From: <>catch-all@utechusa.us
To: <>weijian.wang@utechusa.us
Subject: test 19
Body: email to weijian

Date: 10/9/2016 9:16:17 AM
From: <>catch-all@utechusa.us
To: <>weijian.wang@utechusa.us
Subject: test 19
Body: email to weijian

Date: 10/9/2016 9:18:56 AM
From: <>catch-all@utechusa.us
To: <>weijian.wang@utechusa.us
Subject: test 19
Body: email to weijian

Date: 10/9/2016 9:19:58 AM
From: <>catch-all@utechusa.us
To: <>weijian.wang@utechusa.us
Subject: test 19
Body: email to weijian

Date: 10/9/2016 9:24:16 AM
From: <>catch-all@utechusa.us
To: <>weijian.wang@utechusa.us
Subject: test 19
Body: email to weijian

Date: 10/9/2016 9:27:10 AM
From: <>catch-all@utechusa.us
To: <>weijian.wang@utechusa.us
Subject: test 19
Body: email to weijian

Date: 10/9/2016 9:31:32 AM
From: <>catch-all@utechusa.us
To: <>weijian.wang@utechusa.us
Subject: test 19
Body: email to weijian

Date: 10/9/2016 9:31:36 AM
From: <>catch-all@utechusa.us
To: <>weijian.wang@utechusa.us
Subject: test 19
Body: email to weijian

Date: 10/9/2016 9:33:51 AM
From: <>catch-all@utechusa.us
To: <>weijian.wang@utechusa.us
Subject: test 19
Body: email to weijian

Date: 10/9/2016 9:34:37 AM
From: <>catch-all@utechusa.us
To: <>weijian.wang@utechusa.us
Subject: test 19
Body: email to weijian

Date: 10/9/2016 9:35:39 AM
From: <>catch-all@utechusa.us
To: <>weijian.wang@utechusa.us
Subject: test 19
Body: email to weijian

Date: 10/9/2016 9:41:16 AM
From: <>catch-all@utechusa.us
To: <>weijian.wang@utechusa.us
Subject: test 19
Body: email to weijian

Date: 10/9/2016 9:44:05 AM
From: <>catch-all@utechusa.us
To: <>weijian.wang@utechusa.us
Subject: test 19
Body: email to weijian

Date: 10/9/2016 9:45:56 AM
From: <>catch-all@utechusa.us
To: <>weijian.wang@utechusa.us
Subject: test 19
Body: email to weijian

Date: 10/9/2016 9:51:52 AM
From: <>catch-all@utechusa.us
To: <>weijian.wang@utechusa.us
Subject: test 19
Body: email to weijian

Date: 10/9/2016 9:55:45 AM
From: <>catch-all@utechusa.us
To: <>weijian.wang@utechusa.us
Subject: test 19
Body: email to weijian

Date: 10/9/2016 9:56:25 AM
From: <>catch-all@utechusa.us
To: <>xin.guan@utechusa.us
Subject: test 20
Body: test 20

Date: 10/9/2016 10:26:14 AM
From: <>catch-all@utechusa.us
To: <>weijian.wang@utechusa.us
Subject: test 19
Body: email to weijian

Date: 10/9/2016 10:26:16 AM
From: <Xin Guan>xin.guan@gmail.com
To: <>xin.guan@utechusa.us
Subject: test21
Body: 21


Date: 10/9/2016 10:26:42 AM
From: <>catch-all@utechusa.us
To: <>weijian.wang@utechusa.us
Subject: test 19
Body: email to weijian

